<?xml version="1.0" encoding="UTF-8"?>
<!-- Generated by org.testng.reporters.JUnitReportReporter -->
<testsuite hostname="Developer-205" name="com.rabbitrewards.testcase.addchangeRabbitCard.Add_Remove_Rabbit_Card_001" tests="6" failures="0" timestamp="28 Apr 2016 09:40:32 GMT" time="55.067" errors="0">
  <testcase name="addRabbitCard" time="7.847" classname="com.rabbitrewards.testcase.addchangeRabbitCard.Add_Remove_Rabbit_Card_001"/>
  <testcase name="rewardsLogin" time="19.638" classname="com.rabbitrewards.testcase.addchangeRabbitCard.Add_Remove_Rabbit_Card_001"/>
  <testcase name="rewardsSignOut_1" time="2.551" classname="com.rabbitrewards.testcase.addchangeRabbitCard.Add_Remove_Rabbit_Card_001"/>
  <testcase name="rewardsLogin_1" time="15.761" classname="com.rabbitrewards.testcase.addchangeRabbitCard.Add_Remove_Rabbit_Card_001"/>
  <testcase name="removeRabbitCard" time="7.308" classname="com.rabbitrewards.testcase.addchangeRabbitCard.Add_Remove_Rabbit_Card_001"/>
  <testcase name="rewardsSignOut_2" time="1.962" classname="com.rabbitrewards.testcase.addchangeRabbitCard.Add_Remove_Rabbit_Card_001"/>
</testsuite> <!-- com.rabbitrewards.testcase.addchangeRabbitCard.Add_Remove_Rabbit_Card_001 -->
