<?xml version="1.0" encoding="UTF-8"?>
<!-- Generated by org.testng.reporters.JUnitReportReporter -->
<testsuite hostname="Developer-205" name="com.rabbitrewards.testcase.mydetail.Update_Customer_Other_Info_003" tests="6" failures="0" timestamp="25 Apr 2016 06:43:09 GMT" time="71.788" errors="0">
  <testcase name="updateExisitingCustomerDetails" time="16.917" classname="com.rabbitrewards.testcase.mydetail.Update_Customer_Other_Info_003"/>
  <testcase name="rewardsLogin" time="14.650" classname="com.rabbitrewards.testcase.mydetail.Update_Customer_Other_Info_003"/>
  <testcase name="rewardsSignOut_1" time="2.378" classname="com.rabbitrewards.testcase.mydetail.Update_Customer_Other_Info_003"/>
  <testcase name="staticValidationMyDetail" time="22.267" classname="com.rabbitrewards.testcase.mydetail.Update_Customer_Other_Info_003"/>
  <testcase name="rewardsSignin_2" time="12.842" classname="com.rabbitrewards.testcase.mydetail.Update_Customer_Other_Info_003"/>
  <testcase name="rewardsSignOut_2" time="2.734" classname="com.rabbitrewards.testcase.mydetail.Update_Customer_Other_Info_003"/>
</testsuite> <!-- com.rabbitrewards.testcase.mydetail.Update_Customer_Other_Info_003 -->
