<?xml version="1.0" encoding="UTF-8"?>
<!-- Generated by org.testng.reporters.JUnitReportReporter -->
<testsuite hostname="Developer-205" name="com.rabbitrewards.testcase.mydetail.Update_Customer_Email_004" tests="6" failures="0" timestamp="25 Apr 2016 07:53:40 GMT" time="48.153" errors="0">
  <testcase name="rewardsSignOut_2" time="1.949" classname="com.rabbitrewards.testcase.mydetail.Update_Customer_Email_004"/>
  <testcase name="rewardsLogin" time="14.431" classname="com.rabbitrewards.testcase.mydetail.Update_Customer_Email_004"/>
  <testcase name="rewardsSignin_2" time="13.670" classname="com.rabbitrewards.testcase.mydetail.Update_Customer_Email_004"/>
  <testcase name="rewardsSignOut_1" time="1.942" classname="com.rabbitrewards.testcase.mydetail.Update_Customer_Email_004"/>
  <testcase name="updateExisitingCustomerDetails" time="6.930" classname="com.rabbitrewards.testcase.mydetail.Update_Customer_Email_004"/>
  <testcase name="staticValidationMyDetail" time="9.231" classname="com.rabbitrewards.testcase.mydetail.Update_Customer_Email_004"/>
</testsuite> <!-- com.rabbitrewards.testcase.mydetail.Update_Customer_Email_004 -->
