<?xml version="1.0" encoding="UTF-8"?>
<!-- Generated by org.testng.reporters.JUnitReportReporter -->
<testsuite hostname="Developer-205" name="com.rabbitrewards.testcase.mydetail.Update_Customer_Shipping_Address_002" tests="6" failures="0" timestamp="25 Apr 2016 06:32:18 GMT" time="51.927" errors="0">
  <testcase name="staticValidationMyDetail" time="14.215" classname="com.rabbitrewards.testcase.mydetail.Update_Customer_Shipping_Address_002"/>
  <testcase name="updateExisitingCustomerDetails" time="11.278" classname="com.rabbitrewards.testcase.mydetail.Update_Customer_Shipping_Address_002"/>
  <testcase name="rewardsSignOut_2" time="2.390" classname="com.rabbitrewards.testcase.mydetail.Update_Customer_Shipping_Address_002"/>
  <testcase name="rewardsSignOut_1" time="2.013" classname="com.rabbitrewards.testcase.mydetail.Update_Customer_Shipping_Address_002"/>
  <testcase name="rewardsLogin" time="8.906" classname="com.rabbitrewards.testcase.mydetail.Update_Customer_Shipping_Address_002"/>
  <testcase name="rewardsSignin_2" time="13.125" classname="com.rabbitrewards.testcase.mydetail.Update_Customer_Shipping_Address_002"/>
</testsuite> <!-- com.rabbitrewards.testcase.mydetail.Update_Customer_Shipping_Address_002 -->
