<?xml version="1.0" encoding="UTF-8"?>
<!-- Generated by org.testng.reporters.JUnitReportReporter -->
<testsuite hostname="Developer-205" name="com.rabbitrewards.testcase.redeem.Update_Shipping_Address_To_MyDetail_001" tests="5" failures="0" timestamp="16 May 2016 02:00:18 GMT" time="65.668" errors="0">
  <testcase name="rewardsLogin" time="20.699" classname="com.rabbitrewards.testcase.redeem.Update_Shipping_Address_To_MyDetail_001"/>
  <testcase name="validateRedeemAndMyDetailShippingAddress" time="4.834" classname="com.rabbitrewards.testcase.redeem.Update_Shipping_Address_To_MyDetail_001"/>
  <testcase name="updateNewRedeemShippingAddress" time="23.207" classname="com.rabbitrewards.testcase.redeem.Update_Shipping_Address_To_MyDetail_001"/>
  <testcase name="rollBackShippingAddress" time="14.454" classname="com.rabbitrewards.testcase.redeem.Update_Shipping_Address_To_MyDetail_001"/>
  <testcase name="rewardsSignOut" time="2.474" classname="com.rabbitrewards.testcase.redeem.Update_Shipping_Address_To_MyDetail_001"/>
</testsuite> <!-- com.rabbitrewards.testcase.redeem.Update_Shipping_Address_To_MyDetail_001 -->
