<?xml version="1.0" encoding="UTF-8"?>
<!-- Generated by org.testng.reporters.JUnitReportReporter -->
<testsuite hostname="Developer-205" name="com.rabbitrewards.testcase.changepassword.Change_Password_001" tests="4" failures="0" timestamp="27 May 2016 08:26:18 GMT" time="83.008" errors="0">
  <testcase name="rewardsSignOut_2" time="2.780" classname="com.rabbitrewards.testcase.changepassword.Change_Password_001"/>
  <testcase name="changePassword" time="41.727" classname="com.rabbitrewards.testcase.changepassword.Change_Password_001"/>
  <testcase name="rollBackChangePassword" time="35.667" classname="com.rabbitrewards.testcase.changepassword.Change_Password_001"/>
  <testcase name="rewardsSignOut_1" time="2.834" classname="com.rabbitrewards.testcase.changepassword.Change_Password_001"/>
</testsuite> <!-- com.rabbitrewards.testcase.changepassword.Change_Password_001 -->
