<?xml version="1.0" encoding="UTF-8"?>
<!-- Generated by org.testng.reporters.JUnitReportReporter -->
<testsuite hostname="Developer-205" name="com.rabbitrewards.testcase.redeem.Redeem_Directly_003" tests="3" failures="0" timestamp="6 May 2016 08:52:44 GMT" time="41.276" errors="0">
  <testcase name="redeemDirectly" time="19.099" classname="com.rabbitrewards.testcase.redeem.Redeem_Directly_003"/>
  <testcase name="rewardsSignOut" time="2.213" classname="com.rabbitrewards.testcase.redeem.Redeem_Directly_003"/>
  <testcase name="rewardsLogin" time="19.964" classname="com.rabbitrewards.testcase.redeem.Redeem_Directly_003"/>
</testsuite> <!-- com.rabbitrewards.testcase.redeem.Redeem_Directly_003 -->
