<?xml version="1.0" encoding="UTF-8"?>
<!-- Generated by org.testng.reporters.JUnitReportReporter -->
<testsuite hostname="Developer-205" name="com.rabbitrewards.testcase.redeem.Update_Shipping_Address_In_Redeem_Only_002" tests="4" failures="0" timestamp="6 May 2016 04:48:22 GMT" time="557.083" errors="0">
  <testcase name="updateNewRedeemShippingAddress" time="24.116" classname="com.rabbitrewards.testcase.redeem.Update_Shipping_Address_In_Redeem_Only_002"/>
  <testcase name="rewardsLogin" time="22.777" classname="com.rabbitrewards.testcase.redeem.Update_Shipping_Address_In_Redeem_Only_002"/>
  <testcase name="validateRedeemAndMyDetailShippingAddress" time="508.007" classname="com.rabbitrewards.testcase.redeem.Update_Shipping_Address_In_Redeem_Only_002"/>
  <testcase name="rewardsSignOut" time="2.183" classname="com.rabbitrewards.testcase.redeem.Update_Shipping_Address_In_Redeem_Only_002"/>
</testsuite> <!-- com.rabbitrewards.testcase.redeem.Update_Shipping_Address_In_Redeem_Only_002 -->
