<?xml version="1.0" encoding="UTF-8"?>
<!-- Generated by org.testng.reporters.JUnitReportReporter -->
<testsuite hostname="Developer-205" name="com.rabbitrewards.testcase.redeem.Redeem_From_Cart_004" tests="3" failures="0" timestamp="6 May 2016 09:04:47 GMT" time="45.316" errors="0">
  <testcase name="rewardsSignOut" time="3.927" classname="com.rabbitrewards.testcase.redeem.Redeem_From_Cart_004"/>
  <testcase name="redeemDirectly" time="21.814" classname="com.rabbitrewards.testcase.redeem.Redeem_From_Cart_004"/>
  <testcase name="rewardsLogin" time="19.575" classname="com.rabbitrewards.testcase.redeem.Redeem_From_Cart_004"/>
</testsuite> <!-- com.rabbitrewards.testcase.redeem.Redeem_From_Cart_004 -->
