<?xml version="1.0" encoding="UTF-8"?>
<!-- Generated by org.testng.reporters.JUnitReportReporter -->
<testsuite hostname="Developer-205" name="com.rabbitnana.testcase.inboundandhelpdesk.Search_OrderID_0001" tests="2" failures="0" timestamp="8 Jun 2016 03:52:17 GMT" time="188.601" errors="0">
  <testcase name="login_NANA" time="15.295" classname="com.rabbitnana.testcase.inboundandhelpdesk.Search_OrderID_0001"/>
  <testcase name="search_OrderID" time="173.306" classname="com.rabbitnana.testcase.inboundandhelpdesk.Search_OrderID_0001"/>
</testsuite> <!-- com.rabbitnana.testcase.inboundandhelpdesk.Search_OrderID_0001 -->
