<?xml version="1.0" encoding="UTF-8"?>
<!-- Generated by org.testng.reporters.JUnitReportReporter -->
<testsuite hostname="Developer-205" name="com.rabbitnana.testcase.endtoendscenario.Order_With_Modification_With_FixedDriver1_0003" tests="10" failures="0" timestamp="9 Jun 2016 10:36:13 GMT" time="431.129" errors="0">
  <testcase name="closeOrder_Accounting" time="13.109" classname="com.rabbitnana.testcase.endtoendscenario.Order_With_Modification_With_FixedDriver1_0003"/>
  <testcase name="fillSaleInfomation" time="136.901" classname="com.rabbitnana.testcase.endtoendscenario.Order_With_Modification_With_FixedDriver1_0003"/>
  <testcase name="shipmentProcess" time="18.510" classname="com.rabbitnana.testcase.endtoendscenario.Order_With_Modification_With_FixedDriver1_0003"/>
  <testcase name="login_SaleAgent" time="25.840" classname="com.rabbitnana.testcase.endtoendscenario.Order_With_Modification_With_FixedDriver1_0003"/>
  <testcase name="login_NANA" time="16.427" classname="com.rabbitnana.testcase.endtoendscenario.Order_With_Modification_With_FixedDriver1_0003"/>
  <testcase name="searchSaleAgent_OrderID" time="4.832" classname="com.rabbitnana.testcase.endtoendscenario.Order_With_Modification_With_FixedDriver1_0003"/>
  <testcase name="createLead_AssignToAgent" time="43.261" classname="com.rabbitnana.testcase.endtoendscenario.Order_With_Modification_With_FixedDriver1_0003"/>
  <testcase name="finalProcessForOrder" time="16.891" classname="com.rabbitnana.testcase.endtoendscenario.Order_With_Modification_With_FixedDriver1_0003"/>
  <testcase name="insurerAccepted" time="39.418" classname="com.rabbitnana.testcase.endtoendscenario.Order_With_Modification_With_FixedDriver1_0003"/>
  <testcase name="readyToSubmit" time="115.940" classname="com.rabbitnana.testcase.endtoendscenario.Order_With_Modification_With_FixedDriver1_0003"/>
</testsuite> <!-- com.rabbitnana.testcase.endtoendscenario.Order_With_Modification_With_FixedDriver1_0003 -->
