<?xml version="1.0" encoding="UTF-8"?>
<!-- Generated by org.testng.reporters.JUnitReportReporter -->
<testsuite hostname="Developer-205" name="com.rabbitnana.testcase.endtoendscenario.set3.Order_0022_WithGift_Vouchers" tests="10" failures="0" timestamp="16 Jun 2016 07:55:28 GMT" time="350.778" errors="0">
  <testcase name="closeOrder_Accounting" time="9.703" classname="com.rabbitnana.testcase.endtoendscenario.set3.Order_0022_WithGift_Vouchers"/>
  <testcase name="readyToSubmit" time="79.350" classname="com.rabbitnana.testcase.endtoendscenario.set3.Order_0022_WithGift_Vouchers"/>
  <testcase name="createLead_AssignToAgent" time="46.725" classname="com.rabbitnana.testcase.endtoendscenario.set3.Order_0022_WithGift_Vouchers"/>
  <testcase name="searchSaleAgent_OrderID" time="4.936" classname="com.rabbitnana.testcase.endtoendscenario.set3.Order_0022_WithGift_Vouchers"/>
  <testcase name="fillSaleInfomation" time="95.391" classname="com.rabbitnana.testcase.endtoendscenario.set3.Order_0022_WithGift_Vouchers"/>
  <testcase name="insurerAccepted" time="31.362" classname="com.rabbitnana.testcase.endtoendscenario.set3.Order_0022_WithGift_Vouchers"/>
  <testcase name="login_SaleAgent" time="33.643" classname="com.rabbitnana.testcase.endtoendscenario.set3.Order_0022_WithGift_Vouchers"/>
  <testcase name="shipmentProcess" time="15.630" classname="com.rabbitnana.testcase.endtoendscenario.set3.Order_0022_WithGift_Vouchers"/>
  <testcase name="finalProcessForOrder" time="17.073" classname="com.rabbitnana.testcase.endtoendscenario.set3.Order_0022_WithGift_Vouchers"/>
  <testcase name="login_NANA" time="16.965" classname="com.rabbitnana.testcase.endtoendscenario.set3.Order_0022_WithGift_Vouchers"/>
</testsuite> <!-- com.rabbitnana.testcase.endtoendscenario.set3.Order_0022_WithGift_Vouchers -->
