<?xml version="1.0" encoding="UTF-8"?>
<!-- Generated by org.testng.reporters.JUnitReportReporter -->
<testsuite hostname="Developer-205" name="com.rabbitnana.testcase.endtoendscenario.Order_0005_Without_Modification_With_FixedDriver1and2" tests="10" failures="0" timestamp="10 Jun 2016 07:05:23 GMT" time="403.873" errors="0">
  <testcase name="fillSaleInfomation" time="146.587" classname="com.rabbitnana.testcase.endtoendscenario.Order_0005_Without_Modification_With_FixedDriver1and2"/>
  <testcase name="login_SaleAgent" time="28.384" classname="com.rabbitnana.testcase.endtoendscenario.Order_0005_Without_Modification_With_FixedDriver1and2"/>
  <testcase name="closeOrder_Accounting" time="9.862" classname="com.rabbitnana.testcase.endtoendscenario.Order_0005_Without_Modification_With_FixedDriver1and2"/>
  <testcase name="createLead_AssignToAgent" time="42.878" classname="com.rabbitnana.testcase.endtoendscenario.Order_0005_Without_Modification_With_FixedDriver1and2"/>
  <testcase name="readyToSubmit" time="85.654" classname="com.rabbitnana.testcase.endtoendscenario.Order_0005_Without_Modification_With_FixedDriver1and2"/>
  <testcase name="insurerAccepted" time="33.961" classname="com.rabbitnana.testcase.endtoendscenario.Order_0005_Without_Modification_With_FixedDriver1and2"/>
  <testcase name="shipmentProcess" time="19.788" classname="com.rabbitnana.testcase.endtoendscenario.Order_0005_Without_Modification_With_FixedDriver1and2"/>
  <testcase name="searchSaleAgent_OrderID" time="5.054" classname="com.rabbitnana.testcase.endtoendscenario.Order_0005_Without_Modification_With_FixedDriver1and2"/>
  <testcase name="login_NANA" time="14.711" classname="com.rabbitnana.testcase.endtoendscenario.Order_0005_Without_Modification_With_FixedDriver1and2"/>
  <testcase name="finalProcessForOrder" time="16.994" classname="com.rabbitnana.testcase.endtoendscenario.Order_0005_Without_Modification_With_FixedDriver1and2"/>
</testsuite> <!-- com.rabbitnana.testcase.endtoendscenario.Order_0005_Without_Modification_With_FixedDriver1and2 -->
