<?xml version="1.0" encoding="UTF-8"?>
<!-- Generated by org.testng.reporters.JUnitReportReporter -->
<testsuite hostname="Developer-205" name="com.rabbitnana.testcase.endtoendscenario.Order_0007_With_Billing_Address" tests="10" failures="0" timestamp="10 Jun 2016 10:17:57 GMT" time="452.034" errors="0">
  <testcase name="readyToSubmit" time="95.077" classname="com.rabbitnana.testcase.endtoendscenario.Order_0007_With_Billing_Address"/>
  <testcase name="fillSaleInfomation" time="179.389" classname="com.rabbitnana.testcase.endtoendscenario.Order_0007_With_Billing_Address"/>
  <testcase name="finalProcessForOrder" time="17.220" classname="com.rabbitnana.testcase.endtoendscenario.Order_0007_With_Billing_Address"/>
  <testcase name="createLead_AssignToAgent" time="47.867" classname="com.rabbitnana.testcase.endtoendscenario.Order_0007_With_Billing_Address"/>
  <testcase name="searchSaleAgent_OrderID" time="5.086" classname="com.rabbitnana.testcase.endtoendscenario.Order_0007_With_Billing_Address"/>
  <testcase name="shipmentProcess" time="16.714" classname="com.rabbitnana.testcase.endtoendscenario.Order_0007_With_Billing_Address"/>
  <testcase name="login_SaleAgent" time="24.603" classname="com.rabbitnana.testcase.endtoendscenario.Order_0007_With_Billing_Address"/>
  <testcase name="insurerAccepted" time="38.216" classname="com.rabbitnana.testcase.endtoendscenario.Order_0007_With_Billing_Address"/>
  <testcase name="closeOrder_Accounting" time="10.033" classname="com.rabbitnana.testcase.endtoendscenario.Order_0007_With_Billing_Address"/>
  <testcase name="login_NANA" time="17.829" classname="com.rabbitnana.testcase.endtoendscenario.Order_0007_With_Billing_Address"/>
</testsuite> <!-- com.rabbitnana.testcase.endtoendscenario.Order_0007_With_Billing_Address -->
