<?xml version="1.0" encoding="UTF-8"?>
<!-- Generated by org.testng.reporters.JUnitReportReporter -->
<testsuite hostname="Developer-205" name="com.rabbitnana.testcase.endtoendscenario.Order_With_Modification_With_FixedDriver1and2_0004" tests="10" failures="0" timestamp="10 Jun 2016 04:59:21 GMT" time="426.735" errors="0">
  <testcase name="login_SaleAgent" time="29.614" classname="com.rabbitnana.testcase.endtoendscenario.Order_With_Modification_With_FixedDriver1and2_0004"/>
  <testcase name="createLead_AssignToAgent" time="44.841" classname="com.rabbitnana.testcase.endtoendscenario.Order_With_Modification_With_FixedDriver1and2_0004"/>
  <testcase name="fillSaleInfomation" time="148.523" classname="com.rabbitnana.testcase.endtoendscenario.Order_With_Modification_With_FixedDriver1and2_0004"/>
  <testcase name="readyToSubmit" time="97.214" classname="com.rabbitnana.testcase.endtoendscenario.Order_With_Modification_With_FixedDriver1and2_0004"/>
  <testcase name="insurerAccepted" time="35.855" classname="com.rabbitnana.testcase.endtoendscenario.Order_With_Modification_With_FixedDriver1and2_0004"/>
  <testcase name="closeOrder_Accounting" time="9.929" classname="com.rabbitnana.testcase.endtoendscenario.Order_With_Modification_With_FixedDriver1and2_0004"/>
  <testcase name="finalProcessForOrder" time="18.964" classname="com.rabbitnana.testcase.endtoendscenario.Order_With_Modification_With_FixedDriver1and2_0004"/>
  <testcase name="searchSaleAgent_OrderID" time="4.724" classname="com.rabbitnana.testcase.endtoendscenario.Order_With_Modification_With_FixedDriver1and2_0004"/>
  <testcase name="login_NANA" time="16.912" classname="com.rabbitnana.testcase.endtoendscenario.Order_With_Modification_With_FixedDriver1and2_0004"/>
  <testcase name="shipmentProcess" time="20.159" classname="com.rabbitnana.testcase.endtoendscenario.Order_With_Modification_With_FixedDriver1and2_0004"/>
</testsuite> <!-- com.rabbitnana.testcase.endtoendscenario.Order_With_Modification_With_FixedDriver1and2_0004 -->
