<?xml version="1.0" encoding="UTF-8"?>
<!-- Generated by org.testng.reporters.JUnitReportReporter -->
<testsuite hostname="Developer-205" name="com.rabbitnana.testcase.inboundandhelpdesk.Sale_AfterBuy_Without_Discount_0002" tests="10" failures="0" timestamp="9 Jun 2016 06:53:20 GMT" time="383.188" errors="0">
  <testcase name="insurerAccepted" time="31.137" classname="com.rabbitnana.testcase.inboundandhelpdesk.Sale_AfterBuy_Without_Discount_0002"/>
  <testcase name="shipmentProcess" time="21.310" classname="com.rabbitnana.testcase.inboundandhelpdesk.Sale_AfterBuy_Without_Discount_0002"/>
  <testcase name="login_NANA" time="25.193" classname="com.rabbitnana.testcase.inboundandhelpdesk.Sale_AfterBuy_Without_Discount_0002"/>
  <testcase name="createLead_AssignToAgent" time="57.351" classname="com.rabbitnana.testcase.inboundandhelpdesk.Sale_AfterBuy_Without_Discount_0002"/>
  <testcase name="finalProcessForOrder" time="16.977" classname="com.rabbitnana.testcase.inboundandhelpdesk.Sale_AfterBuy_Without_Discount_0002"/>
  <testcase name="fillSaleInfomation" time="106.758" classname="com.rabbitnana.testcase.inboundandhelpdesk.Sale_AfterBuy_Without_Discount_0002"/>
  <testcase name="readyToSubmit" time="80.667" classname="com.rabbitnana.testcase.inboundandhelpdesk.Sale_AfterBuy_Without_Discount_0002"/>
  <testcase name="closeOrder_Accounting" time="9.999" classname="com.rabbitnana.testcase.inboundandhelpdesk.Sale_AfterBuy_Without_Discount_0002"/>
  <testcase name="login_SaleAgent" time="28.254" classname="com.rabbitnana.testcase.inboundandhelpdesk.Sale_AfterBuy_Without_Discount_0002"/>
  <testcase name="searchSaleAgent_OrderID" time="5.542" classname="com.rabbitnana.testcase.inboundandhelpdesk.Sale_AfterBuy_Without_Discount_0002"/>
</testsuite> <!-- com.rabbitnana.testcase.inboundandhelpdesk.Sale_AfterBuy_Without_Discount_0002 -->
