<?xml version="1.0" encoding="UTF-8"?>
<!-- Generated by org.testng.reporters.JUnitReportReporter -->
<testsuite hostname="Developer-205" name="com.rabbitnana.testcase.inboundandhelpdesk.Search_OrderID_0002" tests="2" failures="0" timestamp="9 Jun 2016 03:36:06 GMT" time="60.028" errors="0">
  <testcase name="login_NANA" time="15.127" classname="com.rabbitnana.testcase.inboundandhelpdesk.Search_OrderID_0002"/>
  <testcase name="search_OrderID" time="44.901" classname="com.rabbitnana.testcase.inboundandhelpdesk.Search_OrderID_0002"/>
</testsuite> <!-- com.rabbitnana.testcase.inboundandhelpdesk.Search_OrderID_0002 -->
