<?xml version="1.0" encoding="UTF-8"?>
<!-- Generated by org.testng.reporters.JUnitReportReporter -->
<testsuite hostname="Developer-205" name="com.rabbitnana.testcase.endtoendscenario.set2.Order_0014_Type3andMandatoryInsurance" tests="10" failures="0" timestamp="15 Jun 2016 04:21:34 GMT" time="431.678" errors="0">
  <testcase name="finalProcessForOrder" time="18.429" classname="com.rabbitnana.testcase.endtoendscenario.set2.Order_0014_Type3andMandatoryInsurance"/>
  <testcase name="insurerAccepted" time="34.119" classname="com.rabbitnana.testcase.endtoendscenario.set2.Order_0014_Type3andMandatoryInsurance"/>
  <testcase name="createLead_AssignToAgent" time="64.936" classname="com.rabbitnana.testcase.endtoendscenario.set2.Order_0014_Type3andMandatoryInsurance"/>
  <testcase name="searchSaleAgent_OrderID" time="5.588" classname="com.rabbitnana.testcase.endtoendscenario.set2.Order_0014_Type3andMandatoryInsurance"/>
  <testcase name="login_SaleAgent" time="34.826" classname="com.rabbitnana.testcase.endtoendscenario.set2.Order_0014_Type3andMandatoryInsurance"/>
  <testcase name="readyToSubmit" time="82.523" classname="com.rabbitnana.testcase.endtoendscenario.set2.Order_0014_Type3andMandatoryInsurance"/>
  <testcase name="shipmentProcess" time="17.989" classname="com.rabbitnana.testcase.endtoendscenario.set2.Order_0014_Type3andMandatoryInsurance"/>
  <testcase name="fillSaleInfomation" time="146.944" classname="com.rabbitnana.testcase.endtoendscenario.set2.Order_0014_Type3andMandatoryInsurance"/>
  <testcase name="closeOrder_Accounting" time="10.139" classname="com.rabbitnana.testcase.endtoendscenario.set2.Order_0014_Type3andMandatoryInsurance"/>
  <testcase name="login_NANA" time="16.185" classname="com.rabbitnana.testcase.endtoendscenario.set2.Order_0014_Type3andMandatoryInsurance"/>
</testsuite> <!-- com.rabbitnana.testcase.endtoendscenario.set2.Order_0014_Type3andMandatoryInsurance -->
