<?xml version="1.0" encoding="UTF-8"?>
<!-- Generated by org.testng.reporters.JUnitReportReporter -->
<testsuite hostname="Developer-205" name="com.rabbitnana.testcase.endtoendscenario.set2.Order_0015_Type3andMandatoryInsuranceNo" tests="10" failures="0" timestamp="15 Jun 2016 04:28:40 GMT" time="412.735" errors="0">
  <testcase name="finalProcessForOrder" time="18.091" classname="com.rabbitnana.testcase.endtoendscenario.set2.Order_0015_Type3andMandatoryInsuranceNo"/>
  <testcase name="insurerAccepted" time="32.495" classname="com.rabbitnana.testcase.endtoendscenario.set2.Order_0015_Type3andMandatoryInsuranceNo"/>
  <testcase name="createLead_AssignToAgent" time="48.329" classname="com.rabbitnana.testcase.endtoendscenario.set2.Order_0015_Type3andMandatoryInsuranceNo"/>
  <testcase name="searchSaleAgent_OrderID" time="6.670" classname="com.rabbitnana.testcase.endtoendscenario.set2.Order_0015_Type3andMandatoryInsuranceNo"/>
  <testcase name="login_SaleAgent" time="58.294" classname="com.rabbitnana.testcase.endtoendscenario.set2.Order_0015_Type3andMandatoryInsuranceNo"/>
  <testcase name="readyToSubmit" time="77.004" classname="com.rabbitnana.testcase.endtoendscenario.set2.Order_0015_Type3andMandatoryInsuranceNo"/>
  <testcase name="shipmentProcess" time="16.005" classname="com.rabbitnana.testcase.endtoendscenario.set2.Order_0015_Type3andMandatoryInsuranceNo"/>
  <testcase name="fillSaleInfomation" time="116.952" classname="com.rabbitnana.testcase.endtoendscenario.set2.Order_0015_Type3andMandatoryInsuranceNo"/>
  <testcase name="closeOrder_Accounting" time="10.046" classname="com.rabbitnana.testcase.endtoendscenario.set2.Order_0015_Type3andMandatoryInsuranceNo"/>
  <testcase name="login_NANA" time="28.849" classname="com.rabbitnana.testcase.endtoendscenario.set2.Order_0015_Type3andMandatoryInsuranceNo"/>
</testsuite> <!-- com.rabbitnana.testcase.endtoendscenario.set2.Order_0015_Type3andMandatoryInsuranceNo -->
