<?xml version="1.0" encoding="UTF-8"?>
<!-- Generated by org.testng.reporters.JUnitReportReporter -->
<testsuite hostname="Developer-205" name="com.rabbitnana.testcase.endtoendscenario.set2.Order_0016_Type3PlusandMandatoryInsurance" tests="10" failures="0" timestamp="15 Jun 2016 04:36:00 GMT" time="393.047" errors="0">
  <testcase name="closeOrder_Accounting" time="10.085" classname="com.rabbitnana.testcase.endtoendscenario.set2.Order_0016_Type3PlusandMandatoryInsurance"/>
  <testcase name="fillSaleInfomation" time="134.640" classname="com.rabbitnana.testcase.endtoendscenario.set2.Order_0016_Type3PlusandMandatoryInsurance"/>
  <testcase name="createLead_AssignToAgent" time="49.508" classname="com.rabbitnana.testcase.endtoendscenario.set2.Order_0016_Type3PlusandMandatoryInsurance"/>
  <testcase name="searchSaleAgent_OrderID" time="5.088" classname="com.rabbitnana.testcase.endtoendscenario.set2.Order_0016_Type3PlusandMandatoryInsurance"/>
  <testcase name="readyToSubmit" time="79.195" classname="com.rabbitnana.testcase.endtoendscenario.set2.Order_0016_Type3PlusandMandatoryInsurance"/>
  <testcase name="insurerAccepted" time="33.198" classname="com.rabbitnana.testcase.endtoendscenario.set2.Order_0016_Type3PlusandMandatoryInsurance"/>
  <testcase name="login_SaleAgent" time="31.443" classname="com.rabbitnana.testcase.endtoendscenario.set2.Order_0016_Type3PlusandMandatoryInsurance"/>
  <testcase name="shipmentProcess" time="15.660" classname="com.rabbitnana.testcase.endtoendscenario.set2.Order_0016_Type3PlusandMandatoryInsurance"/>
  <testcase name="finalProcessForOrder" time="17.078" classname="com.rabbitnana.testcase.endtoendscenario.set2.Order_0016_Type3PlusandMandatoryInsurance"/>
  <testcase name="login_NANA" time="17.152" classname="com.rabbitnana.testcase.endtoendscenario.set2.Order_0016_Type3PlusandMandatoryInsurance"/>
</testsuite> <!-- com.rabbitnana.testcase.endtoendscenario.set2.Order_0016_Type3PlusandMandatoryInsurance -->
