<?xml version="1.0" encoding="UTF-8"?>
<!-- Generated by org.testng.reporters.JUnitReportReporter -->
<testsuite hostname="Developer-205" name="com.rabbitnana.testcase.endtoendscenario.set2.Order_0010_Type2andMandatoryInsurance" tests="10" failures="0" timestamp="14 Jun 2016 09:28:39 GMT" time="374.936" errors="0">
  <testcase name="finalProcessForOrder" time="16.648" classname="com.rabbitnana.testcase.endtoendscenario.set2.Order_0010_Type2andMandatoryInsurance"/>
  <testcase name="insurerAccepted" time="31.794" classname="com.rabbitnana.testcase.endtoendscenario.set2.Order_0010_Type2andMandatoryInsurance"/>
  <testcase name="createLead_AssignToAgent" time="42.101" classname="com.rabbitnana.testcase.endtoendscenario.set2.Order_0010_Type2andMandatoryInsurance"/>
  <testcase name="searchSaleAgent_OrderID" time="4.884" classname="com.rabbitnana.testcase.endtoendscenario.set2.Order_0010_Type2andMandatoryInsurance"/>
  <testcase name="login_SaleAgent" time="26.258" classname="com.rabbitnana.testcase.endtoendscenario.set2.Order_0010_Type2andMandatoryInsurance"/>
  <testcase name="readyToSubmit" time="76.006" classname="com.rabbitnana.testcase.endtoendscenario.set2.Order_0010_Type2andMandatoryInsurance"/>
  <testcase name="shipmentProcess" time="15.344" classname="com.rabbitnana.testcase.endtoendscenario.set2.Order_0010_Type2andMandatoryInsurance"/>
  <testcase name="fillSaleInfomation" time="137.766" classname="com.rabbitnana.testcase.endtoendscenario.set2.Order_0010_Type2andMandatoryInsurance"/>
  <testcase name="closeOrder_Accounting" time="9.628" classname="com.rabbitnana.testcase.endtoendscenario.set2.Order_0010_Type2andMandatoryInsurance"/>
  <testcase name="login_NANA" time="14.507" classname="com.rabbitnana.testcase.endtoendscenario.set2.Order_0010_Type2andMandatoryInsurance"/>
</testsuite> <!-- com.rabbitnana.testcase.endtoendscenario.set2.Order_0010_Type2andMandatoryInsurance -->
