<?xml version="1.0" encoding="UTF-8"?>
<!-- Generated by org.testng.reporters.JUnitReportReporter -->
<testsuite hostname="Developer-205" name="com.rabbitnana.testcase.endtoendscenario.set2.Order_0020_WithGift_CarDVR" tests="10" failures="0" timestamp="16 Jun 2016 07:27:42 GMT" time="352.542" errors="0">
  <testcase name="finalProcessForOrder" time="16.850" classname="com.rabbitnana.testcase.endtoendscenario.set2.Order_0020_WithGift_CarDVR"/>
  <testcase name="shipmentProcess" time="15.370" classname="com.rabbitnana.testcase.endtoendscenario.set2.Order_0020_WithGift_CarDVR"/>
  <testcase name="readyToSubmit" time="84.156" classname="com.rabbitnana.testcase.endtoendscenario.set2.Order_0020_WithGift_CarDVR"/>
  <testcase name="createLead_AssignToAgent" time="42.655" classname="com.rabbitnana.testcase.endtoendscenario.set2.Order_0020_WithGift_CarDVR"/>
  <testcase name="searchSaleAgent_OrderID" time="5.113" classname="com.rabbitnana.testcase.endtoendscenario.set2.Order_0020_WithGift_CarDVR"/>
  <testcase name="fillSaleInfomation" time="100.343" classname="com.rabbitnana.testcase.endtoendscenario.set2.Order_0020_WithGift_CarDVR"/>
  <testcase name="insurerAccepted" time="31.170" classname="com.rabbitnana.testcase.endtoendscenario.set2.Order_0020_WithGift_CarDVR"/>
  <testcase name="login_SaleAgent" time="32.020" classname="com.rabbitnana.testcase.endtoendscenario.set2.Order_0020_WithGift_CarDVR"/>
  <testcase name="closeOrder_Accounting" time="9.794" classname="com.rabbitnana.testcase.endtoendscenario.set2.Order_0020_WithGift_CarDVR"/>
  <testcase name="login_NANA" time="15.071" classname="com.rabbitnana.testcase.endtoendscenario.set2.Order_0020_WithGift_CarDVR"/>
</testsuite> <!-- com.rabbitnana.testcase.endtoendscenario.set2.Order_0020_WithGift_CarDVR -->
