<?xml version="1.0" encoding="UTF-8"?>
<!-- Generated by org.testng.reporters.JUnitReportReporter -->
<testsuite hostname="Developer-205" name="com.rabbitnana.testcase.salesagent.Sale_Buy_Without_Discount_0002" tests="5" failures="0" timestamp="8 Jun 2016 03:00:19 GMT" time="197.981" errors="0">
  <testcase name="searchSaleAgent_OrderID" time="5.144" classname="com.rabbitnana.testcase.salesagent.Sale_Buy_Without_Discount_0002"/>
  <testcase name="login_NANA" time="15.536" classname="com.rabbitnana.testcase.salesagent.Sale_Buy_Without_Discount_0002"/>
  <testcase name="fillSaleInfomation" time="110.333" classname="com.rabbitnana.testcase.salesagent.Sale_Buy_Without_Discount_0002"/>
  <testcase name="login_SaleAgent" time="22.853" classname="com.rabbitnana.testcase.salesagent.Sale_Buy_Without_Discount_0002"/>
  <testcase name="createLead_AssignToAgent" time="44.115" classname="com.rabbitnana.testcase.salesagent.Sale_Buy_Without_Discount_0002"/>
</testsuite> <!-- com.rabbitnana.testcase.salesagent.Sale_Buy_Without_Discount_0002 -->
