<?xml version="1.0" encoding="UTF-8"?>
<!-- Generated by org.testng.reporters.JUnitReportReporter -->
<testsuite hostname="Developer-205" name="com.rabbitnana.testcase.leads.AddLead_0001" tests="5" failures="0" timestamp="31 May 2016 03:46:36 GMT" time="114.224" errors="0">
  <testcase name="login_NANA" time="14.307" classname="com.rabbitnana.testcase.leads.AddLead_0001"/>
  <testcase name="createLead_NewSource" time="25.519" classname="com.rabbitnana.testcase.leads.AddLead_0001"/>
  <testcase name="createLead_EN_Language" time="24.125" classname="com.rabbitnana.testcase.leads.AddLead_0001"/>
  <testcase name="createLead_CampaignNumber" time="27.626" classname="com.rabbitnana.testcase.leads.AddLead_0001"/>
  <testcase name="createLead_TH_Language" time="22.647" classname="com.rabbitnana.testcase.leads.AddLead_0001"/>
</testsuite> <!-- com.rabbitnana.testcase.leads.AddLead_0001 -->
