<?xml version="1.0" encoding="UTF-8"?>
<!-- Generated by org.testng.reporters.JUnitReportReporter -->
<testsuite hostname="Developer-205" name="com.rabbitnana.testcase.endtoendscenario.Order_0006_With_Last_Insurer_Claim" tests="10" failures="0" timestamp="10 Jun 2016 09:35:05 GMT" time="410.943" errors="0">
  <testcase name="insurerAccepted" time="33.217" classname="com.rabbitnana.testcase.endtoendscenario.Order_0006_With_Last_Insurer_Claim"/>
  <testcase name="createLead_AssignToAgent" time="42.555" classname="com.rabbitnana.testcase.endtoendscenario.Order_0006_With_Last_Insurer_Claim"/>
  <testcase name="searchSaleAgent_OrderID" time="5.034" classname="com.rabbitnana.testcase.endtoendscenario.Order_0006_With_Last_Insurer_Claim"/>
  <testcase name="fillSaleInfomation" time="159.827" classname="com.rabbitnana.testcase.endtoendscenario.Order_0006_With_Last_Insurer_Claim"/>
  <testcase name="login_SaleAgent" time="26.716" classname="com.rabbitnana.testcase.endtoendscenario.Order_0006_With_Last_Insurer_Claim"/>
  <testcase name="finalProcessForOrder" time="16.440" classname="com.rabbitnana.testcase.endtoendscenario.Order_0006_With_Last_Insurer_Claim"/>
  <testcase name="shipmentProcess" time="15.731" classname="com.rabbitnana.testcase.endtoendscenario.Order_0006_With_Last_Insurer_Claim"/>
  <testcase name="readyToSubmit" time="86.886" classname="com.rabbitnana.testcase.endtoendscenario.Order_0006_With_Last_Insurer_Claim"/>
  <testcase name="closeOrder_Accounting" time="9.574" classname="com.rabbitnana.testcase.endtoendscenario.Order_0006_With_Last_Insurer_Claim"/>
  <testcase name="login_NANA" time="14.963" classname="com.rabbitnana.testcase.endtoendscenario.Order_0006_With_Last_Insurer_Claim"/>
</testsuite> <!-- com.rabbitnana.testcase.endtoendscenario.Order_0006_With_Last_Insurer_Claim -->
