<?xml version="1.0" encoding="UTF-8"?>
<!-- Generated by org.testng.reporters.JUnitReportReporter -->
<testsuite hostname="Developer-205" name="com.rabbitnana.testcase.endtoendscenario.Order_0009_With_Different_Addresses" tests="10" failures="0" timestamp="14 Jun 2016 04:33:11 GMT" time="476.135" errors="0">
  <testcase name="finalProcessForOrder" time="17.536" classname="com.rabbitnana.testcase.endtoendscenario.Order_0009_With_Different_Addresses"/>
  <testcase name="readyToSubmit" time="95.396" classname="com.rabbitnana.testcase.endtoendscenario.Order_0009_With_Different_Addresses"/>
  <testcase name="createLead_AssignToAgent" time="44.483" classname="com.rabbitnana.testcase.endtoendscenario.Order_0009_With_Different_Addresses"/>
  <testcase name="searchSaleAgent_OrderID" time="4.887" classname="com.rabbitnana.testcase.endtoendscenario.Order_0009_With_Different_Addresses"/>
  <testcase name="fillSaleInfomation" time="203.777" classname="com.rabbitnana.testcase.endtoendscenario.Order_0009_With_Different_Addresses"/>
  <testcase name="login_SaleAgent" time="30.103" classname="com.rabbitnana.testcase.endtoendscenario.Order_0009_With_Different_Addresses"/>
  <testcase name="closeOrder_Accounting" time="10.099" classname="com.rabbitnana.testcase.endtoendscenario.Order_0009_With_Different_Addresses"/>
  <testcase name="insurerAccepted" time="36.778" classname="com.rabbitnana.testcase.endtoendscenario.Order_0009_With_Different_Addresses"/>
  <testcase name="shipmentProcess" time="16.980" classname="com.rabbitnana.testcase.endtoendscenario.Order_0009_With_Different_Addresses"/>
  <testcase name="login_NANA" time="16.096" classname="com.rabbitnana.testcase.endtoendscenario.Order_0009_With_Different_Addresses"/>
</testsuite> <!-- com.rabbitnana.testcase.endtoendscenario.Order_0009_With_Different_Addresses -->
