<?xml version="1.0" encoding="UTF-8"?>
<!-- Generated by org.testng.reporters.JUnitReportReporter -->
<testsuite hostname="Developer-205" name="com.rabbitnana.testcase.endtoendscenario.set2.Order_0018_SpecificProvinces" tests="10" failures="0" timestamp="15 Jun 2016 10:05:14 GMT" time="388.024" errors="0">
  <testcase name="closeOrder_Accounting" time="9.623" classname="com.rabbitnana.testcase.endtoendscenario.set2.Order_0018_SpecificProvinces"/>
  <testcase name="createLead_AssignToAgent" time="42.627" classname="com.rabbitnana.testcase.endtoendscenario.set2.Order_0018_SpecificProvinces"/>
  <testcase name="login_SaleAgent" time="31.331" classname="com.rabbitnana.testcase.endtoendscenario.set2.Order_0018_SpecificProvinces"/>
  <testcase name="fillSaleInfomation" time="151.133" classname="com.rabbitnana.testcase.endtoendscenario.set2.Order_0018_SpecificProvinces"/>
  <testcase name="finalProcessForOrder" time="16.329" classname="com.rabbitnana.testcase.endtoendscenario.set2.Order_0018_SpecificProvinces"/>
  <testcase name="readyToSubmit" time="73.654" classname="com.rabbitnana.testcase.endtoendscenario.set2.Order_0018_SpecificProvinces"/>
  <testcase name="login_NANA" time="14.381" classname="com.rabbitnana.testcase.endtoendscenario.set2.Order_0018_SpecificProvinces"/>
  <testcase name="insurerAccepted" time="29.510" classname="com.rabbitnana.testcase.endtoendscenario.set2.Order_0018_SpecificProvinces"/>
  <testcase name="shipmentProcess" time="14.636" classname="com.rabbitnana.testcase.endtoendscenario.set2.Order_0018_SpecificProvinces"/>
  <testcase name="searchSaleAgent_OrderID" time="4.800" classname="com.rabbitnana.testcase.endtoendscenario.set2.Order_0018_SpecificProvinces"/>
</testsuite> <!-- com.rabbitnana.testcase.endtoendscenario.set2.Order_0018_SpecificProvinces -->
