<?xml version="1.0" encoding="UTF-8"?>
<!-- Generated by org.testng.reporters.JUnitReportReporter -->
<testsuite hostname="Developer-205" name="com.rabbitnana.testcase.endtoendscenario.set2.Order_0012_Type2PlusandMandatoryInsurance" tests="10" failures="0" timestamp="15 Jun 2016 03:22:14 GMT" time="437.928" errors="0">
  <testcase name="closeOrder_Accounting" time="11.137" classname="com.rabbitnana.testcase.endtoendscenario.set2.Order_0012_Type2PlusandMandatoryInsurance"/>
  <testcase name="fillSaleInfomation" time="134.740" classname="com.rabbitnana.testcase.endtoendscenario.set2.Order_0012_Type2PlusandMandatoryInsurance"/>
  <testcase name="createLead_AssignToAgent" time="42.753" classname="com.rabbitnana.testcase.endtoendscenario.set2.Order_0012_Type2PlusandMandatoryInsurance"/>
  <testcase name="searchSaleAgent_OrderID" time="5.137" classname="com.rabbitnana.testcase.endtoendscenario.set2.Order_0012_Type2PlusandMandatoryInsurance"/>
  <testcase name="readyToSubmit" time="85.260" classname="com.rabbitnana.testcase.endtoendscenario.set2.Order_0012_Type2PlusandMandatoryInsurance"/>
  <testcase name="insurerAccepted" time="35.863" classname="com.rabbitnana.testcase.endtoendscenario.set2.Order_0012_Type2PlusandMandatoryInsurance"/>
  <testcase name="login_SaleAgent" time="29.786" classname="com.rabbitnana.testcase.endtoendscenario.set2.Order_0012_Type2PlusandMandatoryInsurance"/>
  <testcase name="shipmentProcess" time="41.377" classname="com.rabbitnana.testcase.endtoendscenario.set2.Order_0012_Type2PlusandMandatoryInsurance"/>
  <testcase name="finalProcessForOrder" time="35.728" classname="com.rabbitnana.testcase.endtoendscenario.set2.Order_0012_Type2PlusandMandatoryInsurance"/>
  <testcase name="login_NANA" time="16.147" classname="com.rabbitnana.testcase.endtoendscenario.set2.Order_0012_Type2PlusandMandatoryInsurance"/>
</testsuite> <!-- com.rabbitnana.testcase.endtoendscenario.set2.Order_0012_Type2PlusandMandatoryInsurance -->
