<?xml version="1.0" encoding="UTF-8"?>
<!-- Generated by org.testng.reporters.JUnitReportReporter -->
<testsuite hostname="Developer-205" name="com.rabbitnana.testcase.endtoendscenario.set2.Order_0011_Type2andMandatoryInsuranceNo" tests="10" failures="0" timestamp="15 Jun 2016 03:09:50 GMT" time="404.533" errors="0">
  <testcase name="finalProcessForOrder" time="17.727" classname="com.rabbitnana.testcase.endtoendscenario.set2.Order_0011_Type2andMandatoryInsuranceNo"/>
  <testcase name="insurerAccepted" time="32.145" classname="com.rabbitnana.testcase.endtoendscenario.set2.Order_0011_Type2andMandatoryInsuranceNo"/>
  <testcase name="createLead_AssignToAgent" time="86.690" classname="com.rabbitnana.testcase.endtoendscenario.set2.Order_0011_Type2andMandatoryInsuranceNo"/>
  <testcase name="searchSaleAgent_OrderID" time="5.297" classname="com.rabbitnana.testcase.endtoendscenario.set2.Order_0011_Type2andMandatoryInsuranceNo"/>
  <testcase name="login_SaleAgent" time="32.685" classname="com.rabbitnana.testcase.endtoendscenario.set2.Order_0011_Type2andMandatoryInsuranceNo"/>
  <testcase name="readyToSubmit" time="75.295" classname="com.rabbitnana.testcase.endtoendscenario.set2.Order_0011_Type2andMandatoryInsuranceNo"/>
  <testcase name="shipmentProcess" time="16.316" classname="com.rabbitnana.testcase.endtoendscenario.set2.Order_0011_Type2andMandatoryInsuranceNo"/>
  <testcase name="fillSaleInfomation" time="112.277" classname="com.rabbitnana.testcase.endtoendscenario.set2.Order_0011_Type2andMandatoryInsuranceNo"/>
  <testcase name="closeOrder_Accounting" time="9.783" classname="com.rabbitnana.testcase.endtoendscenario.set2.Order_0011_Type2andMandatoryInsuranceNo"/>
  <testcase name="login_NANA" time="16.318" classname="com.rabbitnana.testcase.endtoendscenario.set2.Order_0011_Type2andMandatoryInsuranceNo"/>
</testsuite> <!-- com.rabbitnana.testcase.endtoendscenario.set2.Order_0011_Type2andMandatoryInsuranceNo -->
