<?xml version="1.0" encoding="UTF-8"?>
<!-- Generated by org.testng.reporters.JUnitReportReporter -->
<testsuite hostname="Developer-205" name="com.rabbitnana.testcase.endtoendscenario.Order_With_Modification_Without_FixedDriver_0002" tests="10" failures="0" timestamp="9 Jun 2016 09:09:03 GMT" time="346.110" errors="0">
  <testcase name="shipmentProcess" time="15.682" classname="com.rabbitnana.testcase.endtoendscenario.Order_With_Modification_Without_FixedDriver_0002"/>
  <testcase name="login_NANA" time="14.866" classname="com.rabbitnana.testcase.endtoendscenario.Order_With_Modification_Without_FixedDriver_0002"/>
  <testcase name="createLead_AssignToAgent" time="43.896" classname="com.rabbitnana.testcase.endtoendscenario.Order_With_Modification_Without_FixedDriver_0002"/>
  <testcase name="finalProcessForOrder" time="16.420" classname="com.rabbitnana.testcase.endtoendscenario.Order_With_Modification_Without_FixedDriver_0002"/>
  <testcase name="readyToSubmit" time="78.060" classname="com.rabbitnana.testcase.endtoendscenario.Order_With_Modification_Without_FixedDriver_0002"/>
  <testcase name="closeOrder_Accounting" time="9.774" classname="com.rabbitnana.testcase.endtoendscenario.Order_With_Modification_Without_FixedDriver_0002"/>
  <testcase name="insurerAccepted" time="31.365" classname="com.rabbitnana.testcase.endtoendscenario.Order_With_Modification_Without_FixedDriver_0002"/>
  <testcase name="fillSaleInfomation" time="105.133" classname="com.rabbitnana.testcase.endtoendscenario.Order_With_Modification_Without_FixedDriver_0002"/>
  <testcase name="login_SaleAgent" time="25.728" classname="com.rabbitnana.testcase.endtoendscenario.Order_With_Modification_Without_FixedDriver_0002"/>
  <testcase name="searchSaleAgent_OrderID" time="5.186" classname="com.rabbitnana.testcase.endtoendscenario.Order_With_Modification_Without_FixedDriver_0002"/>
</testsuite> <!-- com.rabbitnana.testcase.endtoendscenario.Order_With_Modification_Without_FixedDriver_0002 -->
