<?xml version="1.0" encoding="UTF-8"?>
<!-- Generated by org.testng.reporters.JUnitReportReporter -->
<testsuite hostname="Developer-205" name="com.rabbitnana.testcase.Search_SalesAgent_0001" tests="5" failures="0" timestamp="27 May 2016 09:56:15 GMT" time="58.614" errors="0">
  <testcase name="searchSaleAgent_NameEmail" time="5.770" classname="com.rabbitnana.testcase.Search_SalesAgent_0001"/>
  <testcase name="searchSaleAgent_OrderID" time="7.141" classname="com.rabbitnana.testcase.Search_SalesAgent_0001"/>
  <testcase name="searchSaleAgent_Email" time="2.005" classname="com.rabbitnana.testcase.Search_SalesAgent_0001"/>
  <testcase name="login_NANA" time="31.755" classname="com.rabbitnana.testcase.Search_SalesAgent_0001"/>
  <testcase name="searchSaleAgent_OrderID_NotExist" time="11.943" classname="com.rabbitnana.testcase.Search_SalesAgent_0001"/>
</testsuite> <!-- com.rabbitnana.testcase.Search_SalesAgent_0001 -->
