<?xml version="1.0" encoding="UTF-8"?>
<!-- Generated by org.testng.reporters.JUnitReportReporter -->
<testsuite hostname="Developer-205" name="com.rabbitnana.testcase.endtoendscenario.set2.Order_0019_WithCompanyName" tests="10" failures="0" timestamp="15 Jun 2016 10:13:50 GMT" time="328.877" errors="0">
  <testcase name="fillSaleInfomation" time="100.030" classname="com.rabbitnana.testcase.endtoendscenario.set2.Order_0019_WithCompanyName"/>
  <testcase name="closeOrder_Accounting" time="9.488" classname="com.rabbitnana.testcase.endtoendscenario.set2.Order_0019_WithCompanyName"/>
  <testcase name="shipmentProcess" time="14.388" classname="com.rabbitnana.testcase.endtoendscenario.set2.Order_0019_WithCompanyName"/>
  <testcase name="finalProcessForOrder" time="15.964" classname="com.rabbitnana.testcase.endtoendscenario.set2.Order_0019_WithCompanyName"/>
  <testcase name="createLead_AssignToAgent" time="41.940" classname="com.rabbitnana.testcase.endtoendscenario.set2.Order_0019_WithCompanyName"/>
  <testcase name="searchSaleAgent_OrderID" time="4.867" classname="com.rabbitnana.testcase.endtoendscenario.set2.Order_0019_WithCompanyName"/>
  <testcase name="insurerAccepted" time="29.357" classname="com.rabbitnana.testcase.endtoendscenario.set2.Order_0019_WithCompanyName"/>
  <testcase name="readyToSubmit" time="69.822" classname="com.rabbitnana.testcase.endtoendscenario.set2.Order_0019_WithCompanyName"/>
  <testcase name="login_SaleAgent" time="28.311" classname="com.rabbitnana.testcase.endtoendscenario.set2.Order_0019_WithCompanyName"/>
  <testcase name="login_NANA" time="14.710" classname="com.rabbitnana.testcase.endtoendscenario.set2.Order_0019_WithCompanyName"/>
</testsuite> <!-- com.rabbitnana.testcase.endtoendscenario.set2.Order_0019_WithCompanyName -->
