<?xml version="1.0" encoding="UTF-8"?>
<!-- Generated by org.testng.reporters.JUnitReportReporter -->
<testsuite hostname="Developer-205" name="com.rabbitnana.testcase.inboundandhelpdesk.Search_OrderID_0003" tests="2" failures="0" timestamp="9 Jun 2016 05:00:58 GMT" time="39.581" errors="0">
  <testcase name="search_OrderID" time="24.295" classname="com.rabbitnana.testcase.inboundandhelpdesk.Search_OrderID_0003"/>
  <testcase name="login_NANA" time="15.286" classname="com.rabbitnana.testcase.inboundandhelpdesk.Search_OrderID_0003"/>
</testsuite> <!-- com.rabbitnana.testcase.inboundandhelpdesk.Search_OrderID_0003 -->
