<?xml version="1.0" encoding="UTF-8"?>
<!-- Generated by org.testng.reporters.JUnitReportReporter -->
<testsuite hostname="Developer-205" name="com.rabbitnana.testcase.endtoendscenario.set3.Order_0021_WithGift_PTTCard" tests="10" failures="0" timestamp="16 Jun 2016 08:04:21 GMT" time="392.903" errors="0">
  <testcase name="closeOrder_Accounting" time="9.886" classname="com.rabbitnana.testcase.endtoendscenario.set3.Order_0021_WithGift_PTTCard"/>
  <testcase name="login_SaleAgent" time="29.280" classname="com.rabbitnana.testcase.endtoendscenario.set3.Order_0021_WithGift_PTTCard"/>
  <testcase name="fillSaleInfomation" time="136.247" classname="com.rabbitnana.testcase.endtoendscenario.set3.Order_0021_WithGift_PTTCard"/>
  <testcase name="finalProcessForOrder" time="17.581" classname="com.rabbitnana.testcase.endtoendscenario.set3.Order_0021_WithGift_PTTCard"/>
  <testcase name="login_NANA" time="15.840" classname="com.rabbitnana.testcase.endtoendscenario.set3.Order_0021_WithGift_PTTCard"/>
  <testcase name="insurerAccepted" time="32.198" classname="com.rabbitnana.testcase.endtoendscenario.set3.Order_0021_WithGift_PTTCard"/>
  <testcase name="shipmentProcess" time="15.964" classname="com.rabbitnana.testcase.endtoendscenario.set3.Order_0021_WithGift_PTTCard"/>
  <testcase name="searchSaleAgent_OrderID" time="5.028" classname="com.rabbitnana.testcase.endtoendscenario.set3.Order_0021_WithGift_PTTCard"/>
  <testcase name="readyToSubmit" time="86.377" classname="com.rabbitnana.testcase.endtoendscenario.set3.Order_0021_WithGift_PTTCard"/>
  <testcase name="createLead_AssignToAgent" time="44.502" classname="com.rabbitnana.testcase.endtoendscenario.set3.Order_0021_WithGift_PTTCard"/>
</testsuite> <!-- com.rabbitnana.testcase.endtoendscenario.set3.Order_0021_WithGift_PTTCard -->
