<?xml version="1.0" encoding="UTF-8"?>
<!-- Generated by org.testng.reporters.JUnitReportReporter -->
<testsuite hostname="Developer-205" name="com.rabbitnana.testcase.endtoendscenario.set2.Order_0012_Type2PlusandMandatoryInsuranceNo" tests="10" failures="0" timestamp="15 Jun 2016 03:41:22 GMT" time="367.239" errors="0">
  <testcase name="closeOrder_Accounting" time="10.313" classname="com.rabbitnana.testcase.endtoendscenario.set2.Order_0012_Type2PlusandMandatoryInsuranceNo"/>
  <testcase name="fillSaleInfomation" time="108.159" classname="com.rabbitnana.testcase.endtoendscenario.set2.Order_0012_Type2PlusandMandatoryInsuranceNo"/>
  <testcase name="createLead_AssignToAgent" time="46.458" classname="com.rabbitnana.testcase.endtoendscenario.set2.Order_0012_Type2PlusandMandatoryInsuranceNo"/>
  <testcase name="searchSaleAgent_OrderID" time="5.396" classname="com.rabbitnana.testcase.endtoendscenario.set2.Order_0012_Type2PlusandMandatoryInsuranceNo"/>
  <testcase name="readyToSubmit" time="75.914" classname="com.rabbitnana.testcase.endtoendscenario.set2.Order_0012_Type2PlusandMandatoryInsuranceNo"/>
  <testcase name="insurerAccepted" time="31.175" classname="com.rabbitnana.testcase.endtoendscenario.set2.Order_0012_Type2PlusandMandatoryInsuranceNo"/>
  <testcase name="login_SaleAgent" time="29.107" classname="com.rabbitnana.testcase.endtoendscenario.set2.Order_0012_Type2PlusandMandatoryInsuranceNo"/>
  <testcase name="shipmentProcess" time="16.021" classname="com.rabbitnana.testcase.endtoendscenario.set2.Order_0012_Type2PlusandMandatoryInsuranceNo"/>
  <testcase name="finalProcessForOrder" time="17.375" classname="com.rabbitnana.testcase.endtoendscenario.set2.Order_0012_Type2PlusandMandatoryInsuranceNo"/>
  <testcase name="login_NANA" time="27.321" classname="com.rabbitnana.testcase.endtoendscenario.set2.Order_0012_Type2PlusandMandatoryInsuranceNo"/>
</testsuite> <!-- com.rabbitnana.testcase.endtoendscenario.set2.Order_0012_Type2PlusandMandatoryInsuranceNo -->
