<?xml version="1.0" encoding="UTF-8"?>
<!-- Generated by org.testng.reporters.JUnitReportReporter -->
<testsuite hostname="Developer-205" name="com.rabbitnana.testcase.endtoendscenario.set2.Order_0017_Type3PlusandMandatoryInsuranceNo" tests="10" failures="0" timestamp="15 Jun 2016 04:42:19 GMT" time="360.788" errors="0">
  <testcase name="closeOrder_Accounting" time="11.140" classname="com.rabbitnana.testcase.endtoendscenario.set2.Order_0017_Type3PlusandMandatoryInsuranceNo"/>
  <testcase name="fillSaleInfomation" time="107.416" classname="com.rabbitnana.testcase.endtoendscenario.set2.Order_0017_Type3PlusandMandatoryInsuranceNo"/>
  <testcase name="createLead_AssignToAgent" time="42.918" classname="com.rabbitnana.testcase.endtoendscenario.set2.Order_0017_Type3PlusandMandatoryInsuranceNo"/>
  <testcase name="searchSaleAgent_OrderID" time="4.910" classname="com.rabbitnana.testcase.endtoendscenario.set2.Order_0017_Type3PlusandMandatoryInsuranceNo"/>
  <testcase name="readyToSubmit" time="78.773" classname="com.rabbitnana.testcase.endtoendscenario.set2.Order_0017_Type3PlusandMandatoryInsuranceNo"/>
  <testcase name="insurerAccepted" time="32.613" classname="com.rabbitnana.testcase.endtoendscenario.set2.Order_0017_Type3PlusandMandatoryInsuranceNo"/>
  <testcase name="login_SaleAgent" time="32.313" classname="com.rabbitnana.testcase.endtoendscenario.set2.Order_0017_Type3PlusandMandatoryInsuranceNo"/>
  <testcase name="shipmentProcess" time="16.445" classname="com.rabbitnana.testcase.endtoendscenario.set2.Order_0017_Type3PlusandMandatoryInsuranceNo"/>
  <testcase name="finalProcessForOrder" time="17.516" classname="com.rabbitnana.testcase.endtoendscenario.set2.Order_0017_Type3PlusandMandatoryInsuranceNo"/>
  <testcase name="login_NANA" time="16.744" classname="com.rabbitnana.testcase.endtoendscenario.set2.Order_0017_Type3PlusandMandatoryInsuranceNo"/>
</testsuite> <!-- com.rabbitnana.testcase.endtoendscenario.set2.Order_0017_Type3PlusandMandatoryInsuranceNo -->
